<?xml version="1.0" encoding="UTF-8"?>
<!-- Generated by org.testng.reporters.JUnitXMLReporter -->
<testsuite hostname="Abhijeets-MacBook-Air.local" ignored="0" name="Test" tests="6" failures="0" timestamp="2019-11-03T16:23:39 IST" time="0.069" errors="0">
  <testcase name="BrowserAutomation" time="0.013" classname="qaclickacademy.SeleniumTest"/>
  <testcase name="elementsUi" time="0.001" classname="qaclickacademy.SeleniumTest"/>
  <testcase name="deleteWriter" time="0.002" classname="qaclickacademy.RESTAPITest"/>
  <testcase name="postJira" time="0.001" classname="qaclickacademy.RESTAPITest"/>
  <testcase name="NativeAppAndroid" time="0.001" classname="qaclickacademy.AppiumTest"/>
  <testcase name="deleteWriter" time="0.001" classname="qaclickacademy.AppiumTest"/>
</testsuite> <!-- Test -->
