<?xml version="1.0" encoding="UTF-8"?>
<testng-results skipped="0" failed="0" ignored="0" total="6" passed="6">
  <reporter-output>
  </reporter-output>
  <suite name="Suite" duration-ms="69" started-at="2019-11-03T16:23:34 IST" finished-at="2019-11-03T16:23:34 IST">
    <groups>
    </groups>
    <test name="Test" duration-ms="69" started-at="2019-11-03T16:23:34 IST" finished-at="2019-11-03T16:23:34 IST">
      <class name="qaclickacademy.AppiumTest">
        <test-method status="PASS" signature="NativeAppAndroid()[pri:0, instance:qaclickacademy.AppiumTest@55f3ddb1]" name="NativeAppAndroid" duration-ms="1" started-at="2019-11-03T16:23:34 IST" finished-at="2019-11-03T16:23:34 IST">
          <reporter-output>
          </reporter-output>
        </test-method> <!-- NativeAppAndroid -->
        <test-method status="PASS" signature="deleteWriter()[pri:0, instance:qaclickacademy.AppiumTest@55f3ddb1]" name="deleteWriter" duration-ms="1" started-at="2019-11-03T16:23:34 IST" finished-at="2019-11-03T16:23:34 IST">
          <reporter-output>
          </reporter-output>
        </test-method> <!-- deleteWriter -->
      </class> <!-- qaclickacademy.AppiumTest -->
      <class name="qaclickacademy.RESTAPITest">
        <test-method status="PASS" signature="deleteWriter()[pri:0, instance:qaclickacademy.RESTAPITest@cc285f4]" name="deleteWriter" duration-ms="2" started-at="2019-11-03T16:23:34 IST" finished-at="2019-11-03T16:23:34 IST">
          <reporter-output>
          </reporter-output>
        </test-method> <!-- deleteWriter -->
        <test-method status="PASS" signature="postJira()[pri:0, instance:qaclickacademy.RESTAPITest@cc285f4]" name="postJira" duration-ms="1" started-at="2019-11-03T16:23:34 IST" finished-at="2019-11-03T16:23:34 IST">
          <reporter-output>
          </reporter-output>
        </test-method> <!-- postJira -->
      </class> <!-- qaclickacademy.RESTAPITest -->
      <class name="qaclickacademy.SeleniumTest">
        <test-method status="PASS" signature="BrowserAutomation()[pri:0, instance:qaclickacademy.SeleniumTest@c038203]" name="BrowserAutomation" duration-ms="13" started-at="2019-11-03T16:23:34 IST" finished-at="2019-11-03T16:23:34 IST">
          <reporter-output>
          </reporter-output>
        </test-method> <!-- BrowserAutomation -->
        <test-method status="PASS" signature="elementsUi()[pri:0, instance:qaclickacademy.SeleniumTest@c038203]" name="elementsUi" duration-ms="1" started-at="2019-11-03T16:23:34 IST" finished-at="2019-11-03T16:23:34 IST">
          <reporter-output>
          </reporter-output>
        </test-method> <!-- elementsUi -->
      </class> <!-- qaclickacademy.SeleniumTest -->
    </test> <!-- Test -->
  </suite> <!-- Suite -->
</testng-results>
